
Showing logs for build [32mflmendes-spring-boot-todo-app-m-vf72m-3[0m stage [32mfrom-build-pack[0m and container [32mstep-credential-initializer-k79wt[0m
{"level":"info","ts":1589136964.2957594,"logger":"fallback-logger","caller":"logging/config.go:69","msg":"Fetch GitHub commit ID from kodata failed: open /var/run/ko/refs/heads/0.8.0-ns-support: no such file or directory"}
{"level":"info","ts":1589136964.2963681,"logger":"fallback-logger","caller":"creds-init/main.go:40","msg":"Credentials initialized."}

Showing logs for build [32mflmendes-spring-boot-todo-app-m-vf72m-3[0m stage [32mfrom-build-pack[0m and container [32mstep-working-dir-initializer-qh65j[0m
{"level":"info","ts":1589136965.3771641,"logger":"fallback-logger","caller":"logging/config.go:69","msg":"Fetch GitHub commit ID from kodata failed: open /var/run/ko/HEAD: no such file or directory"}
{"level":"info","ts":1589136965.3784893,"logger":"fallback-logger","caller":"bash/main.go:64","msg":"Successfully executed command \"sh -c mkdir -p /workspace/source\"; output "}

Showing logs for build [32mflmendes-spring-boot-todo-app-m-vf72m-3[0m stage [32mfrom-build-pack[0m and container [32mstep-place-tools[0m

Showing logs for build [32mflmendes-spring-boot-todo-app-m-vf72m-3[0m stage [32mfrom-build-pack[0m and container [32mstep-git-source-flmendes-spring-boot-todo-app-m-vf72m-8wbld[0m
{"level":"info","ts":1589136972.7088683,"logger":"fallback-logger","caller":"logging/config.go:69","msg":"Fetch GitHub commit ID from kodata failed: open /var/run/ko/refs/heads/0.8.0-ns-support: no such file or directory"}
{"level":"info","ts":1589136973.1117623,"logger":"fallback-logger","caller":"git/git.go:103","msg":"Successfully cloned https://github.com/********/spring-boot-todo-app.git @ v1.0.2 in path /workspace/source"}

Showing logs for build [32mflmendes-spring-boot-todo-app-m-vf72m-3[0m stage [32mfrom-build-pack[0m and container [32mstep-git-merge[0m
Using SHAs from PULL_REFS=master:18387a2f9fbb4749bb5e60be8a28efaeacee02b1
WARNING: no SHAs to merge, falling back to initial cloned commit

Showing logs for build [32mflmendes-spring-boot-todo-app-m-vf72m-3[0m stage [32mfrom-build-pack[0m and container [32mstep-setup-jx-git-credentials[0m
Generated Git credentials file /workspace/xdg_config/git/credentials

Showing logs for build [32mflmendes-spring-boot-todo-app-m-vf72m-3[0m stage [32mfrom-build-pack[0m and container [32mstep-build-mvn-deploy[0m
Picked up _JAVA_OPTIONS: -XX:+UnlockExperimentalVMOptions -XX:+UseCGroupMemoryLimitForHeap -Dsun.zip.disableMemoryMapping=true -XX:+UseParallelGC -XX:MinHeapFreeRatio=5 -XX:MaxHeapFreeRatio=10 -XX:GCTimeRatio=4 -XX:AdaptiveSizePolicyWeight=90 -Xms10m -Xmx192m
OpenJDK 64-Bit Server VM warning: If the number of processors is expected to increase from one, then you should configure the number of parallel GC threads appropriately using -XX:ParallelGCThreads=N
[INFO] Scanning for projects...
[INFO] 
[INFO] ----------------< io.mendes.todo:spring-boot-todo-app >-----------------
[INFO] Building spring-boot-todo-app 1.0.2
[INFO] --------------------------------[ jar ]---------------------------------
[INFO] 
[INFO] --- maven-clean-plugin:3.1.0:clean (default-clean) @ spring-boot-todo-app ---
[INFO] 
[INFO] --- maven-resources-plugin:3.1.0:resources (default-resources) @ spring-boot-todo-app ---
[INFO] Using 'UTF-8' encoding to copy filtered resources.
[INFO] Copying 1 resource
[INFO] Copying 2 resources
[INFO] 
[INFO] --- maven-compiler-plugin:3.8.1:compile (default-compile) @ spring-boot-todo-app ---
[INFO] Changes detected - recompiling the module!
[INFO] Compiling 4 source files to /workspace/source/target/classes
[INFO] 
[INFO] --- maven-resources-plugin:3.1.0:testResources (default-testResources) @ spring-boot-todo-app ---
[INFO] Using 'UTF-8' encoding to copy filtered resources.
[INFO] skip non existing resourceDirectory /workspace/source/src/test/resources
[INFO] 
[INFO] --- maven-compiler-plugin:3.8.1:testCompile (default-testCompile) @ spring-boot-todo-app ---
[INFO] Changes detected - recompiling the module!
[INFO] Compiling 1 source file to /workspace/source/target/test-classes
[INFO] 
[INFO] --- maven-surefire-plugin:3.0.0-M1:test (default-test) @ spring-boot-todo-app ---
[INFO] 
[INFO] -------------------------------------------------------
[INFO]  T E S T S
[INFO] -------------------------------------------------------
[INFO] Running io.mendes.todo.SpringBootTodoAppApplicationTests
18:56:48.916 [main] DEBUG org.springframework.test.context.BootstrapUtils - Instantiating CacheAwareContextLoaderDelegate from class [org.springframework.test.context.cache.DefaultCacheAwareContextLoaderDelegate]
18:56:49.026 [main] DEBUG org.springframework.test.context.BootstrapUtils - Instantiating BootstrapContext using constructor [public org.springframework.test.context.support.DefaultBootstrapContext(java.lang.Class,org.springframework.test.context.CacheAwareContextLoaderDelegate)]
18:56:49.205 [main] DEBUG org.springframework.test.context.BootstrapUtils - Instantiating TestContextBootstrapper for test class [io.mendes.todo.SpringBootTodoAppApplicationTests] from class [org.springframework.boot.test.context.SpringBootTestContextBootstrapper]
18:56:49.240 [main] INFO org.springframework.boot.test.context.SpringBootTestContextBootstrapper - Neither @ContextConfiguration nor @ContextHierarchy found for test class [io.mendes.todo.SpringBootTodoAppApplicationTests], using SpringBootContextLoader
18:56:49.293 [main] DEBUG org.springframework.test.context.support.AbstractContextLoader - Did not detect default resource location for test class [io.mendes.todo.SpringBootTodoAppApplicationTests]: class path resource [io/mendes/todo/SpringBootTodoAppApplicationTests-context.xml] does not exist
18:56:49.299 [main] DEBUG org.springframework.test.context.support.AbstractContextLoader - Did not detect default resource location for test class [io.mendes.todo.SpringBootTodoAppApplicationTests]: class path resource [io/mendes/todo/SpringBootTodoAppApplicationTestsContext.groovy] does not exist
18:56:49.302 [main] INFO org.springframework.test.context.support.AbstractContextLoader - Could not detect default resource locations for test class [io.mendes.todo.SpringBootTodoAppApplicationTests]: no resource found for suffixes {-context.xml, Context.groovy}.
18:56:49.307 [main] INFO org.springframework.test.context.support.AnnotationConfigContextLoaderUtils - Could not detect default configuration classes for test class [io.mendes.todo.SpringBootTodoAppApplicationTests]: SpringBootTodoAppApplicationTests does not declare any static, non-private, non-final, nested classes annotated with @Configuration.
18:56:49.413 [main] DEBUG org.springframework.test.context.support.ActiveProfilesUtils - Could not find an 'annotation declaring class' for annotation type [org.springframework.test.context.ActiveProfiles] and class [io.mendes.todo.SpringBootTodoAppApplicationTests]
18:56:49.591 [main] DEBUG org.springframework.context.annotation.ClassPathScanningCandidateComponentProvider - Identified candidate component class: file [/workspace/source/target/classes/io/mendes/todo/SpringBootTodoAppApplication.class]
18:56:49.601 [main] INFO org.springframework.boot.test.context.SpringBootTestContextBootstrapper - Found @SpringBootConfiguration io.mendes.todo.SpringBootTodoAppApplication for test class io.mendes.todo.SpringBootTodoAppApplicationTests
18:56:49.828 [main] DEBUG org.springframework.boot.test.context.SpringBootTestContextBootstrapper - @TestExecutionListeners is not present for class [io.mendes.todo.SpringBootTodoAppApplicationTests]: using defaults.
18:56:49.832 [main] INFO org.springframework.boot.test.context.SpringBootTestContextBootstrapper - Loaded default TestExecutionListener class names from location [META-INF/spring.factories]: [org.springframework.boot.test.mock.mockito.MockitoTestExecutionListener, org.springframework.boot.test.mock.mockito.ResetMocksTestExecutionListener, org.springframework.boot.test.autoconfigure.restdocs.RestDocsTestExecutionListener, org.springframework.boot.test.autoconfigure.web.client.MockRestServiceServerResetTestExecutionListener, org.springframework.boot.test.autoconfigure.web.servlet.MockMvcPrintOnlyOnFailureTestExecutionListener, org.springframework.boot.test.autoconfigure.web.servlet.WebDriverTestExecutionListener, org.springframework.test.context.web.ServletTestExecutionListener, org.springframework.test.context.support.DirtiesContextBeforeModesTestExecutionListener, org.springframework.test.context.support.DependencyInjectionTestExecutionListener, org.springframework.test.context.support.DirtiesContextTestExecutionListener, org.springframework.test.context.transaction.TransactionalTestExecutionListener, org.springframework.test.context.jdbc.SqlScriptsTestExecutionListener, org.springframework.test.context.event.EventPublishingTestExecutionListener]
18:56:49.899 [main] INFO org.springframework.boot.test.context.SpringBootTestContextBootstrapper - Using TestExecutionListeners: [org.springframework.test.context.web.ServletTestExecutionListener@12aba8be, org.springframework.test.context.support.DirtiesContextBeforeModesTestExecutionListener@290222c1, org.springframework.boot.test.mock.mockito.MockitoTestExecutionListener@67f639d3, org.springframework.boot.test.autoconfigure.SpringBootDependencyInjectionTestExecutionListener@6253c26, org.springframework.test.context.support.DirtiesContextTestExecutionListener@49049a04, org.springframework.test.context.transaction.TransactionalTestExecutionListener@71a8adcf, org.springframework.test.context.jdbc.SqlScriptsTestExecutionListener@27462a88, org.springframework.test.context.event.EventPublishingTestExecutionListener@82de64a, org.springframework.boot.test.mock.mockito.ResetMocksTestExecutionListener@659499f1, org.springframework.boot.test.autoconfigure.restdocs.RestDocsTestExecutionListener@51e69659, org.springframework.boot.test.autoconfigure.web.client.MockRestServiceServerResetTestExecutionListener@47e2e487, org.springframework.boot.test.autoconfigure.web.servlet.MockMvcPrintOnlyOnFailureTestExecutionListener@201a4587, org.springframework.boot.test.autoconfigure.web.servlet.WebDriverTestExecutionListener@61001b64]
18:56:49.913 [main] DEBUG org.springframework.test.context.support.AbstractDirtiesContextTestExecutionListener - Before test class: context [DefaultTestContext@59505b48 testClass = SpringBootTodoAppApplicationTests, testInstance = [null], testMethod = [null], testException = [null], mergedContextConfiguration = [WebMergedContextConfiguration@4efac082 testClass = SpringBootTodoAppApplicationTests, locations = '{}', classes = '{class io.mendes.todo.SpringBootTodoAppApplication}', contextInitializerClasses = '[]', activeProfiles = '{}', propertySourceLocations = '{}', propertySourceProperties = '{org.springframework.boot.test.context.SpringBootTestContextBootstrapper=true}', contextCustomizers = set[org.springframework.boot.test.context.filter.ExcludeFilterContextCustomizer@22a637e7, org.springframework.boot.test.json.DuplicateJsonObjectContextCustomizerFactory$DuplicateJsonObjectContextCustomizer@659a969b, org.springframework.boot.test.mock.mockito.MockitoContextCustomizer@0, org.springframework.boot.test.web.client.TestRestTemplateContextCustomizer@29626d54, org.springframework.boot.test.autoconfigure.properties.PropertyMappingContextCustomizer@0, org.springframework.boot.test.autoconfigure.web.servlet.WebDriverContextCustomizerFactory$Customizer@3f197a46], resourceBasePath = 'src/main/webapp', contextLoader = 'org.springframework.boot.test.context.SpringBootContextLoader', parent = [null]], attributes = map['org.springframework.test.context.web.ServletTestExecutionListener.activateListener' -> true]], class annotated with @DirtiesContext [false] with mode [null].
18:56:49.999 [main] DEBUG org.springframework.test.context.support.TestPropertySourceUtils - Adding inlined properties to environment: {spring.jmx.enabled=false, org.springframework.boot.test.context.SpringBootTestContextBootstrapper=true, server.port=-1}

  .   ____          _            __ _ _
 /\\ / ___'_ __ _ _(_)_ __  __ _ \ \ \ \
( ( )\___ | '_ | '_| | '_ \/ _` | \ \ \ \
 \\/  ___)| |_)| | | | | || (_| |  ) ) ) )
  '  |____| .__|_| |_|_| |_\__, | / / / /
 =========|_|==============|___/=/_/_/_/
 :: Spring Boot ::        (v2.2.0.RELEASE)

2020-05-10 18:56:50.739  INFO 71 --- [           main] i.m.t.SpringBootTodoAppApplicationTests  : Starting SpringBootTodoAppApplicationTests on ********-spring-boot-todo-app-m-vf72m-3-from-build-pack-7xq79-p with PID 71 (started by root in /workspace/source)
2020-05-10 18:56:50.798  INFO 71 --- [           main] i.m.t.SpringBootTodoAppApplicationTests  : No active profile set, falling back to default profiles: default
2020-05-10 18:56:54.027  INFO 71 --- [           main] .s.d.r.c.RepositoryConfigurationDelegate : Bootstrapping Spring Data repositories in DEFAULT mode.
2020-05-10 18:56:54.223  INFO 71 --- [           main] .s.d.r.c.RepositoryConfigurationDelegate : Finished Spring Data repository scanning in 181ms. Found 1 repository interfaces.
2020-05-10 18:56:56.437  INFO 71 --- [           main] trationDelegate$BeanPostProcessorChecker : Bean 'org.springframework.transaction.annotation.ProxyTransactionManagementConfiguration' of type [org.springframework.transaction.annotation.ProxyTransactionManagementConfiguration] is not eligible for getting processed by all BeanPostProcessors (for example: not eligible for auto-proxying)
2020-05-10 18:56:57.323  INFO 71 --- [           main] com.zaxxer.hikari.HikariDataSource       : HikariPool-1 - Starting...
2020-05-10 18:56:58.040  INFO 71 --- [           main] com.zaxxer.hikari.HikariDataSource       : HikariPool-1 - Start completed.
2020-05-10 18:56:58.319  INFO 71 --- [           main] o.hibernate.jpa.internal.util.LogHelper  : HHH000204: Processing PersistenceUnitInfo [name: default]
2020-05-10 18:56:58.536  INFO 71 --- [           main] org.hibernate.Version                    : HHH000412: Hibernate Core {5.4.6.Final}
2020-05-10 18:56:59.093  INFO 71 --- [           main] o.hibernate.annotations.common.Version   : HCANN000001: Hibernate Commons Annotations {5.1.0.Final}
2020-05-10 18:56:59.524  INFO 71 --- [           main] org.hibernate.dialect.Dialect            : HHH000400: Using dialect: org.hibernate.dialect.H2Dialect
2020-05-10 18:57:02.331  INFO 71 --- [           main] o.h.e.t.j.p.i.JtaPlatformInitiator       : HHH000490: Using JtaPlatform implementation: [org.hibernate.engine.transaction.jta.platform.internal.NoJtaPlatform]
2020-05-10 18:57:02.347  INFO 71 --- [           main] j.LocalContainerEntityManagerFactoryBean : Initialized JPA EntityManagerFactory for persistence unit 'default'
2020-05-10 18:57:04.320  WARN 71 --- [           main] JpaBaseConfiguration$JpaWebConfiguration : spring.jpa.open-in-view is enabled by default. Therefore, database queries may be performed during view rendering. Explicitly configure spring.jpa.open-in-view to disable this warning
2020-05-10 18:57:07.010  INFO 71 --- [           main] o.s.s.concurrent.ThreadPoolTaskExecutor  : Initializing ExecutorService 'applicationTaskExecutor'
2020-05-10 18:57:07.345  INFO 71 --- [           main] o.s.b.a.w.s.WelcomePageHandlerMapping    : Adding welcome page template: index
2020-05-10 18:57:10.790  INFO 71 --- [           main] o.s.s.web.DefaultSecurityFilterChain     : Creating filter chain: any request, [org.springframework.security.web.context.request.async.WebAsyncManagerIntegrationFilter@b340615, org.springframework.security.web.context.SecurityContextPersistenceFilter@b68932b, org.springframework.security.web.header.HeaderWriterFilter@726ef6aa, org.springframework.security.web.csrf.CsrfFilter@2e1ad7de, org.springframework.security.web.authentication.logout.LogoutFilter@18f8e2e0, org.springframework.security.web.authentication.UsernamePasswordAuthenticationFilter@9cb927e, org.springframework.security.web.authentication.ui.DefaultLoginPageGeneratingFilter@185a0811, org.springframework.security.web.authentication.ui.DefaultLogoutPageGeneratingFilter@3c6b300a, org.springframework.security.web.authentication.www.BasicAuthenticationFilter@683ed81b, org.springframework.security.web.savedrequest.RequestCacheAwareFilter@7adff6cb, org.springframework.security.web.servletapi.SecurityContextHolderAwareRequestFilter@4ea43d4d, org.springframework.security.web.authentication.AnonymousAuthenticationFilter@4247093b, org.springframework.security.web.session.SessionManagementFilter@195cbf5e, org.springframework.security.web.access.ExceptionTranslationFilter@7d70ba18, org.springframework.security.web.access.intercept.FilterSecurityInterceptor@54e18a46]
2020-05-10 18:57:11.134  INFO 71 --- [           main] o.s.b.a.e.web.EndpointLinksResolver      : Exposing 2 endpoint(s) beneath base path '/actuator'
2020-05-10 18:57:11.396  INFO 71 --- [           main] i.m.t.SpringBootTodoAppApplicationTests  : Started SpringBootTodoAppApplicationTests in 21.378 seconds (JVM running for 25.382)
[INFO] Tests run: 1, Failures: 0, Errors: 0, Skipped: 0, Time elapsed: 23.405 s - in io.mendes.todo.SpringBootTodoAppApplicationTests
2020-05-10 18:57:12.128  INFO 71 --- [extShutdownHook] o.s.s.concurrent.ThreadPoolTaskExecutor  : Shutting down ExecutorService 'applicationTaskExecutor'
2020-05-10 18:57:12.136  INFO 71 --- [extShutdownHook] j.LocalContainerEntityManagerFactoryBean : Closing JPA EntityManagerFactory for persistence unit 'default'
2020-05-10 18:57:12.142  INFO 71 --- [extShutdownHook] .SchemaDropperImpl$DelayedDropActionImpl : HHH000477: Starting delayed evictData of schema as part of SessionFactory shut-down'
2020-05-10 18:57:12.201  INFO 71 --- [extShutdownHook] com.zaxxer.hikari.HikariDataSource       : HikariPool-1 - Shutdown initiated...
2020-05-10 18:57:12.211  INFO 71 --- [extShutdownHook] com.zaxxer.hikari.HikariDataSource       : HikariPool-1 - Shutdown completed.
[INFO] 
[INFO] Results:
[INFO] 
[INFO] Tests run: 1, Failures: 0, Errors: 0, Skipped: 0
[INFO] 
[INFO] 
[INFO] --- maven-jar-plugin:3.1.2:jar (default-jar) @ spring-boot-todo-app ---
[INFO] Building jar: /workspace/source/target/spring-boot-todo-app-1.0.2.jar
[INFO] 
[INFO] --- spring-boot-maven-plugin:2.2.0.RELEASE:repackage (repackage) @ spring-boot-todo-app ---
[INFO] Replacing main artifact with repackaged archive
[INFO] 
[INFO] --- maven-install-plugin:2.5.2:install (default-install) @ spring-boot-todo-app ---
[INFO] Installing /workspace/source/target/spring-boot-todo-app-1.0.2.jar to /home/jenkins/.mvnrepository/io/mendes/todo/spring-boot-todo-app/1.0.2/spring-boot-todo-app-1.0.2.jar
[INFO] Installing /workspace/source/pom.xml to /home/jenkins/.mvnrepository/io/mendes/todo/spring-boot-todo-app/1.0.2/spring-boot-todo-app-1.0.2.pom
[INFO] 
[INFO] --- maven-deploy-plugin:2.8.2:deploy (default-deploy) @ spring-boot-todo-app ---
[INFO] Using alternate deployment repository local-nexus::default::http://nexus/repository/maven-releases/
[INFO] ------------------------------------------------------------------------
[INFO] BUILD SUCCESS
[INFO] ------------------------------------------------------------------------
[INFO] Total time:  01:00 min
[INFO] Finished at: 2020-05-10T18:57:19Z
[INFO] ------------------------------------------------------------------------

Showing logs for build [32mflmendes-spring-boot-todo-app-m-vf72m-3[0m stage [32mfrom-build-pack[0m and container [32mstep-build-skaffold-version[0m
v1.0.1

Showing logs for build [32mflmendes-spring-boot-todo-app-m-vf72m-3[0m stage [32mfrom-build-pack[0m and container [32mstep-build-container-build[0m
ERROR: logging before flag.Parse: E0510 18:57:20.590862      10 metadata.go:241] Failed to unmarshal scopes: invalid character 'h' looking for beginning of value
error checking push permissions -- make sure you entered the correct tag name, and that you are authenticated correctly, and try again: checking push permission for "docker.io/pure-fold-276815/spring-boot-todo-app:1.0.2": UNAUTHORIZED: authentication required; [map[Action:pull Class: Name:pure-fold-276815/spring-boot-todo-app Type:repository] map[Action:push Class: Name:pure-fold-276815/spring-boot-todo-app Type:repository]]
[31m
Pipeline failed on stage 'from-build-pack' : container 'step-build-container-build'. The execution of the pipeline has stopped.[0m
