
Showing logs for build [32mflmendes-spring-boot-todo-app-m-c5b54-6[0m stage [32mfrom-build-pack[0m and container [32mstep-credential-initializer-cmkc6[0m
{"level":"info","ts":1589142415.1441295,"logger":"fallback-logger","caller":"logging/config.go:69","msg":"Fetch GitHub commit ID from kodata failed: open /var/run/ko/refs/heads/0.8.0-ns-support: no such file or directory"}
{"level":"info","ts":1589142415.1449394,"logger":"fallback-logger","caller":"creds-init/main.go:40","msg":"Credentials initialized."}

Showing logs for build [32mflmendes-spring-boot-todo-app-m-c5b54-6[0m stage [32mfrom-build-pack[0m and container [32mstep-working-dir-initializer-nzxdl[0m
{"level":"info","ts":1589142416.0168142,"logger":"fallback-logger","caller":"logging/config.go:69","msg":"Fetch GitHub commit ID from kodata failed: open /var/run/ko/HEAD: no such file or directory"}
{"level":"info","ts":1589142416.0195916,"logger":"fallback-logger","caller":"bash/main.go:64","msg":"Successfully executed command \"sh -c mkdir -p /workspace/source\"; output "}

Showing logs for build [32mflmendes-spring-boot-todo-app-m-c5b54-6[0m stage [32mfrom-build-pack[0m and container [32mstep-place-tools[0m

Showing logs for build [32mflmendes-spring-boot-todo-app-m-c5b54-6[0m stage [32mfrom-build-pack[0m and container [32mstep-git-source-flmendes-spring-boot-todo-app-m-c5b54-258bt[0m
{"level":"info","ts":1589142427.5841238,"logger":"fallback-logger","caller":"logging/config.go:69","msg":"Fetch GitHub commit ID from kodata failed: open /var/run/ko/refs/heads/0.8.0-ns-support: no such file or directory"}
{"level":"info","ts":1589142428.0842001,"logger":"fallback-logger","caller":"git/git.go:103","msg":"Successfully cloned https://github.com/********/spring-boot-todo-app.git @ v1.0.5 in path /workspace/source"}

Showing logs for build [32mflmendes-spring-boot-todo-app-m-c5b54-6[0m stage [32mfrom-build-pack[0m and container [32mstep-git-merge[0m
Using SHAs from PULL_REFS=master:
WARNING: no SHAs to merge, falling back to initial cloned commit

Showing logs for build [32mflmendes-spring-boot-todo-app-m-c5b54-6[0m stage [32mfrom-build-pack[0m and container [32mstep-setup-jx-git-credentials[0m
Generated Git credentials file /workspace/xdg_config/git/credentials

Showing logs for build [32mflmendes-spring-boot-todo-app-m-c5b54-6[0m stage [32mfrom-build-pack[0m and container [32mstep-build-mvn-deploy[0m
Picked up _JAVA_OPTIONS: -XX:+UnlockExperimentalVMOptions -XX:+UseCGroupMemoryLimitForHeap -Dsun.zip.disableMemoryMapping=true -XX:+UseParallelGC -XX:MinHeapFreeRatio=5 -XX:MaxHeapFreeRatio=10 -XX:GCTimeRatio=4 -XX:AdaptiveSizePolicyWeight=90 -Xms10m -Xmx192m
OpenJDK 64-Bit Server VM warning: If the number of processors is expected to increase from one, then you should configure the number of parallel GC threads appropriately using -XX:ParallelGCThreads=N
[INFO] Scanning for projects...
[INFO] 
[INFO] ----------------< io.mendes.todo:spring-boot-todo-app >-----------------
[INFO] Building spring-boot-todo-app 1.0.5
[INFO] --------------------------------[ jar ]---------------------------------
[INFO] 
[INFO] --- maven-clean-plugin:3.1.0:clean (default-clean) @ spring-boot-todo-app ---
[INFO] 
[INFO] --- maven-resources-plugin:3.1.0:resources (default-resources) @ spring-boot-todo-app ---
[INFO] Using 'UTF-8' encoding to copy filtered resources.
[INFO] Copying 1 resource
[INFO] Copying 2 resources
[INFO] 
[INFO] --- maven-compiler-plugin:3.8.1:compile (default-compile) @ spring-boot-todo-app ---
[INFO] Changes detected - recompiling the module!
[INFO] Compiling 4 source files to /workspace/source/target/classes
[INFO] 
[INFO] --- maven-resources-plugin:3.1.0:testResources (default-testResources) @ spring-boot-todo-app ---
[INFO] Using 'UTF-8' encoding to copy filtered resources.
[INFO] skip non existing resourceDirectory /workspace/source/src/test/resources
[INFO] 
[INFO] --- maven-compiler-plugin:3.8.1:testCompile (default-testCompile) @ spring-boot-todo-app ---
[INFO] Changes detected - recompiling the module!
[INFO] Compiling 1 source file to /workspace/source/target/test-classes
[INFO] 
[INFO] --- maven-surefire-plugin:3.0.0-M1:test (default-test) @ spring-boot-todo-app ---
[INFO] 
[INFO] -------------------------------------------------------
[INFO]  T E S T S
[INFO] -------------------------------------------------------
[INFO] Running io.mendes.todo.SpringBootTodoAppApplicationTests
20:28:01.028 [main] DEBUG org.springframework.test.context.BootstrapUtils - Instantiating CacheAwareContextLoaderDelegate from class [org.springframework.test.context.cache.DefaultCacheAwareContextLoaderDelegate]
20:28:01.057 [main] DEBUG org.springframework.test.context.BootstrapUtils - Instantiating BootstrapContext using constructor [public org.springframework.test.context.support.DefaultBootstrapContext(java.lang.Class,org.springframework.test.context.CacheAwareContextLoaderDelegate)]
20:28:01.132 [main] DEBUG org.springframework.test.context.BootstrapUtils - Instantiating TestContextBootstrapper for test class [io.mendes.todo.SpringBootTodoAppApplicationTests] from class [org.springframework.boot.test.context.SpringBootTestContextBootstrapper]
20:28:01.238 [main] INFO org.springframework.boot.test.context.SpringBootTestContextBootstrapper - Neither @ContextConfiguration nor @ContextHierarchy found for test class [io.mendes.todo.SpringBootTodoAppApplicationTests], using SpringBootContextLoader
20:28:01.267 [main] DEBUG org.springframework.test.context.support.AbstractContextLoader - Did not detect default resource location for test class [io.mendes.todo.SpringBootTodoAppApplicationTests]: class path resource [io/mendes/todo/SpringBootTodoAppApplicationTests-context.xml] does not exist
20:28:01.274 [main] DEBUG org.springframework.test.context.support.AbstractContextLoader - Did not detect default resource location for test class [io.mendes.todo.SpringBootTodoAppApplicationTests]: class path resource [io/mendes/todo/SpringBootTodoAppApplicationTestsContext.groovy] does not exist
20:28:01.275 [main] INFO org.springframework.test.context.support.AbstractContextLoader - Could not detect default resource locations for test class [io.mendes.todo.SpringBootTodoAppApplicationTests]: no resource found for suffixes {-context.xml, Context.groovy}.
20:28:01.280 [main] INFO org.springframework.test.context.support.AnnotationConfigContextLoaderUtils - Could not detect default configuration classes for test class [io.mendes.todo.SpringBootTodoAppApplicationTests]: SpringBootTodoAppApplicationTests does not declare any static, non-private, non-final, nested classes annotated with @Configuration.
20:28:01.390 [main] DEBUG org.springframework.test.context.support.ActiveProfilesUtils - Could not find an 'annotation declaring class' for annotation type [org.springframework.test.context.ActiveProfiles] and class [io.mendes.todo.SpringBootTodoAppApplicationTests]
20:28:01.625 [main] DEBUG org.springframework.context.annotation.ClassPathScanningCandidateComponentProvider - Identified candidate component class: file [/workspace/source/target/classes/io/mendes/todo/SpringBootTodoAppApplication.class]
20:28:01.646 [main] INFO org.springframework.boot.test.context.SpringBootTestContextBootstrapper - Found @SpringBootConfiguration io.mendes.todo.SpringBootTodoAppApplication for test class io.mendes.todo.SpringBootTodoAppApplicationTests
20:28:01.947 [main] DEBUG org.springframework.boot.test.context.SpringBootTestContextBootstrapper - @TestExecutionListeners is not present for class [io.mendes.todo.SpringBootTodoAppApplicationTests]: using defaults.
20:28:01.957 [main] INFO org.springframework.boot.test.context.SpringBootTestContextBootstrapper - Loaded default TestExecutionListener class names from location [META-INF/spring.factories]: [org.springframework.boot.test.mock.mockito.MockitoTestExecutionListener, org.springframework.boot.test.mock.mockito.ResetMocksTestExecutionListener, org.springframework.boot.test.autoconfigure.restdocs.RestDocsTestExecutionListener, org.springframework.boot.test.autoconfigure.web.client.MockRestServiceServerResetTestExecutionListener, org.springframework.boot.test.autoconfigure.web.servlet.MockMvcPrintOnlyOnFailureTestExecutionListener, org.springframework.boot.test.autoconfigure.web.servlet.WebDriverTestExecutionListener, org.springframework.test.context.web.ServletTestExecutionListener, org.springframework.test.context.support.DirtiesContextBeforeModesTestExecutionListener, org.springframework.test.context.support.DependencyInjectionTestExecutionListener, org.springframework.test.context.support.DirtiesContextTestExecutionListener, org.springframework.test.context.transaction.TransactionalTestExecutionListener, org.springframework.test.context.jdbc.SqlScriptsTestExecutionListener, org.springframework.test.context.event.EventPublishingTestExecutionListener]
20:28:02.187 [main] INFO org.springframework.boot.test.context.SpringBootTestContextBootstrapper - Using TestExecutionListeners: [org.springframework.test.context.web.ServletTestExecutionListener@47e2e487, org.springframework.test.context.support.DirtiesContextBeforeModesTestExecutionListener@201a4587, org.springframework.boot.test.mock.mockito.MockitoTestExecutionListener@61001b64, org.springframework.boot.test.autoconfigure.SpringBootDependencyInjectionTestExecutionListener@4310d43, org.springframework.test.context.support.DirtiesContextTestExecutionListener@54a7079e, org.springframework.test.context.transaction.TransactionalTestExecutionListener@26e356f0, org.springframework.test.context.jdbc.SqlScriptsTestExecutionListener@47d9a273, org.springframework.test.context.event.EventPublishingTestExecutionListener@4b8ee4de, org.springframework.boot.test.mock.mockito.ResetMocksTestExecutionListener@27f981c6, org.springframework.boot.test.autoconfigure.restdocs.RestDocsTestExecutionListener@1b11171f, org.springframework.boot.test.autoconfigure.web.client.MockRestServiceServerResetTestExecutionListener@1151e434, org.springframework.boot.test.autoconfigure.web.servlet.MockMvcPrintOnlyOnFailureTestExecutionListener@2dc54ad4, org.springframework.boot.test.autoconfigure.web.servlet.WebDriverTestExecutionListener@4659191b]
20:28:02.231 [main] DEBUG org.springframework.test.context.support.AbstractDirtiesContextTestExecutionListener - Before test class: context [DefaultTestContext@53aac487 testClass = SpringBootTodoAppApplicationTests, testInstance = [null], testMethod = [null], testException = [null], mergedContextConfiguration = [WebMergedContextConfiguration@52b1beb6 testClass = SpringBootTodoAppApplicationTests, locations = '{}', classes = '{class io.mendes.todo.SpringBootTodoAppApplication}', contextInitializerClasses = '[]', activeProfiles = '{}', propertySourceLocations = '{}', propertySourceProperties = '{org.springframework.boot.test.context.SpringBootTestContextBootstrapper=true}', contextCustomizers = set[org.springframework.boot.test.context.filter.ExcludeFilterContextCustomizer@5ae50ce6, org.springframework.boot.test.json.DuplicateJsonObjectContextCustomizerFactory$DuplicateJsonObjectContextCustomizer@3ba9ad43, org.springframework.boot.test.mock.mockito.MockitoContextCustomizer@0, org.springframework.boot.test.web.client.TestRestTemplateContextCustomizer@67a20f67, org.springframework.boot.test.autoconfigure.properties.PropertyMappingContextCustomizer@0, org.springframework.boot.test.autoconfigure.web.servlet.WebDriverContextCustomizerFactory$Customizer@4facf68f], resourceBasePath = 'src/main/webapp', contextLoader = 'org.springframework.boot.test.context.SpringBootContextLoader', parent = [null]], attributes = map['org.springframework.test.context.web.ServletTestExecutionListener.activateListener' -> true]], class annotated with @DirtiesContext [false] with mode [null].
20:28:02.303 [main] DEBUG org.springframework.test.context.support.TestPropertySourceUtils - Adding inlined properties to environment: {spring.jmx.enabled=false, org.springframework.boot.test.context.SpringBootTestContextBootstrapper=true, server.port=-1}

  .   ____          _            __ _ _
 /\\ / ___'_ __ _ _(_)_ __  __ _ \ \ \ \
( ( )\___ | '_ | '_| | '_ \/ _` | \ \ \ \
 \\/  ___)| |_)| | | | | || (_| |  ) ) ) )
  '  |____| .__|_| |_|_| |_\__, | / / / /
 =========|_|==============|___/=/_/_/_/
 :: Spring Boot ::        (v2.2.0.RELEASE)

2020-05-10 20:28:03.199  INFO 71 --- [           main] i.m.t.SpringBootTodoAppApplicationTests  : Starting SpringBootTodoAppApplicationTests on ********-spring-boot-todo-app-m-c5b54-6-from-build-pack-4**8k-p with PID 71 (started by root in /workspace/source)
2020-05-10 20:28:03.201  INFO 71 --- [           main] i.m.t.SpringBootTodoAppApplicationTests  : No active profile set, falling back to default profiles: default
2020-05-10 20:28:07.023  INFO 71 --- [           main] .s.d.r.c.RepositoryConfigurationDelegate : Bootstrapping Spring Data repositories in DEFAULT mode.
2020-05-10 20:28:07.267  INFO 71 --- [           main] .s.d.r.c.RepositoryConfigurationDelegate : Finished Spring Data repository scanning in 200ms. Found 1 repository interfaces.
2020-05-10 20:28:09.633  INFO 71 --- [           main] trationDelegate$BeanPostProcessorChecker : Bean 'org.springframework.transaction.annotation.ProxyTransactionManagementConfiguration' of type [org.springframework.transaction.annotation.ProxyTransactionManagementConfiguration] is not eligible for getting processed by all BeanPostProcessors (for example: not eligible for auto-proxying)
2020-05-10 20:28:10.896  INFO 71 --- [           main] com.zaxxer.hikari.HikariDataSource       : HikariPool-1 - Starting...
2020-05-10 20:28:11.545  INFO 71 --- [           main] com.zaxxer.hikari.HikariDataSource       : HikariPool-1 - Start completed.
2020-05-10 20:28:11.813  INFO 71 --- [           main] o.hibernate.jpa.internal.util.LogHelper  : HHH000204: Processing PersistenceUnitInfo [name: default]
2020-05-10 20:28:12.234  INFO 71 --- [           main] org.hibernate.Version                    : HHH000412: Hibernate Core {5.4.6.Final}
2020-05-10 20:28:12.933  INFO 71 --- [           main] o.hibernate.annotations.common.Version   : HCANN000001: Hibernate Commons Annotations {5.1.0.Final}
2020-05-10 20:28:13.325  INFO 71 --- [           main] org.hibernate.dialect.Dialect            : HHH000400: Using dialect: org.hibernate.dialect.H2Dialect
2020-05-10 20:28:17.279  INFO 71 --- [           main] o.h.e.t.j.p.i.JtaPlatformInitiator       : HHH000490: Using JtaPlatform implementation: [org.hibernate.engine.transaction.jta.platform.internal.NoJtaPlatform]
2020-05-10 20:28:17.292  INFO 71 --- [           main] j.LocalContainerEntityManagerFactoryBean : Initialized JPA EntityManagerFactory for persistence unit 'default'
2020-05-10 20:28:19.363  WARN 71 --- [           main] JpaBaseConfiguration$JpaWebConfiguration : spring.jpa.open-in-view is enabled by default. Therefore, database queries may be performed during view rendering. Explicitly configure spring.jpa.open-in-view to disable this warning
2020-05-10 20:28:22.707  INFO 71 --- [           main] o.s.s.concurrent.ThreadPoolTaskExecutor  : Initializing ExecutorService 'applicationTaskExecutor'
2020-05-10 20:28:23.095  INFO 71 --- [           main] o.s.b.a.w.s.WelcomePageHandlerMapping    : Adding welcome page template: index
2020-05-10 20:28:26.997  INFO 71 --- [           main] o.s.s.web.DefaultSecurityFilterChain     : Creating filter chain: any request, [org.springframework.security.web.context.request.async.WebAsyncManagerIntegrationFilter@5807ea46, org.springframework.security.web.context.SecurityContextPersistenceFilter@2ee095c9, org.springframework.security.web.header.HeaderWriterFilter@1136122a, org.springframework.security.web.csrf.CsrfFilter@6723e6b3, org.springframework.security.web.authentication.logout.LogoutFilter@44618fe6, org.springframework.security.web.authentication.UsernamePasswordAuthenticationFilter@7db06c50, org.springframework.security.web.authentication.ui.DefaultLoginPageGeneratingFilter@6c56fff, org.springframework.security.web.authentication.ui.DefaultLogoutPageGeneratingFilter@305289b3, org.springframework.security.web.authentication.www.BasicAuthenticationFilter@3cc2e3e, org.springframework.security.web.savedrequest.RequestCacheAwareFilter@77fb1002, org.springframework.security.web.servletapi.SecurityContextHolderAwareRequestFilter@5e3cb58e, org.springframework.security.web.authentication.AnonymousAuthenticationFilter@3ee68377, org.springframework.security.web.session.SessionManagementFilter@72288480, org.springframework.security.web.access.ExceptionTranslationFilter@2f60e66a, org.springframework.security.web.access.intercept.FilterSecurityInterceptor@4f356b98]
2020-05-10 20:28:27.400  INFO 71 --- [           main] o.s.b.a.e.web.EndpointLinksResolver      : Exposing 2 endpoint(s) beneath base path '/actuator'
2020-05-10 20:28:27.602  INFO 71 --- [           main] i.m.t.SpringBootTodoAppApplicationTests  : Started SpringBootTodoAppApplicationTests in 25.278 seconds (JVM running for 28.679)
[INFO] Tests run: 1, Failures: 0, Errors: 0, Skipped: 0, Time elapsed: 27.31 s - in io.mendes.todo.SpringBootTodoAppApplicationTests
2020-05-10 20:28:28.266  INFO 71 --- [extShutdownHook] o.s.s.concurrent.ThreadPoolTaskExecutor  : Shutting down ExecutorService 'applicationTaskExecutor'
2020-05-10 20:28:28.279  INFO 71 --- [extShutdownHook] j.LocalContainerEntityManagerFactoryBean : Closing JPA EntityManagerFactory for persistence unit 'default'
2020-05-10 20:28:28.285  INFO 71 --- [extShutdownHook] .SchemaDropperImpl$DelayedDropActionImpl : HHH000477: Starting delayed evictData of schema as part of SessionFactory shut-down'
2020-05-10 20:28:28.333  INFO 71 --- [extShutdownHook] com.zaxxer.hikari.HikariDataSource       : HikariPool-1 - Shutdown initiated...
2020-05-10 20:28:28.384  INFO 71 --- [extShutdownHook] com.zaxxer.hikari.HikariDataSource       : HikariPool-1 - Shutdown completed.
[INFO] 
[INFO] Results:
[INFO] 
[INFO] Tests run: 1, Failures: 0, Errors: 0, Skipped: 0
[INFO] 
[INFO] 
[INFO] --- maven-jar-plugin:3.1.2:jar (default-jar) @ spring-boot-todo-app ---
[INFO] Building jar: /workspace/source/target/spring-boot-todo-app-1.0.5.jar
[INFO] 
[INFO] --- spring-boot-maven-plugin:2.2.0.RELEASE:repackage (repackage) @ spring-boot-todo-app ---
[INFO] Replacing main artifact with repackaged archive
[INFO] 
[INFO] --- maven-install-plugin:2.5.2:install (default-install) @ spring-boot-todo-app ---
[INFO] Installing /workspace/source/target/spring-boot-todo-app-1.0.5.jar to /home/jenkins/.mvnrepository/io/mendes/todo/spring-boot-todo-app/1.0.5/spring-boot-todo-app-1.0.5.jar
[INFO] Installing /workspace/source/pom.xml to /home/jenkins/.mvnrepository/io/mendes/todo/spring-boot-todo-app/1.0.5/spring-boot-todo-app-1.0.5.pom
[INFO] 
[INFO] --- maven-deploy-plugin:2.8.2:deploy (default-deploy) @ spring-boot-todo-app ---
[INFO] Using alternate deployment repository local-nexus::default::http://nexus/repository/maven-releases/
[INFO] ------------------------------------------------------------------------
[INFO] BUILD SUCCESS
[INFO] ------------------------------------------------------------------------
[INFO] Total time:  01:29 min
[INFO] Finished at: 2020-05-10T20:28:43Z
[INFO] ------------------------------------------------------------------------

Showing logs for build [32mflmendes-spring-boot-todo-app-m-c5b54-6[0m stage [32mfrom-build-pack[0m and container [32mstep-build-skaffold-version[0m
v1.0.1

Showing logs for build [32mflmendes-spring-boot-todo-app-m-c5b54-6[0m stage [32mfrom-build-pack[0m and container [32mstep-build-container-build[0m
ERROR: logging before flag.Parse: E0510 20:28:45.069921      10 metadata.go:241] Failed to unmarshal scopes: invalid character 'h' looking for beginning of value
[36mINFO[0m[0000] Resolved base name openjdk:8-jdk-slim to openjdk:8-jdk-slim 
[36mINFO[0m[0000] Using dockerignore file: /workspace/source/.dockerignore 
[36mINFO[0m[0000] Resolved base name openjdk:8-jdk-slim to openjdk:8-jdk-slim 
[36mINFO[0m[0000] Retrieving image manifest openjdk:8-jdk-slim 
ERROR: logging before flag.Parse: E0510 20:28:45.415313      10 metadata.go:142] while reading 'google-dockercfg' metadata: http status code: 404 while fetching url http://metadata.google.internal./computeMetadata/v1/instance/attributes/google-dockercfg
ERROR: logging before flag.Parse: E0510 20:28:45.420059      10 metadata.go:159] while reading 'google-dockercfg-url' metadata: http status code: 404 while fetching url http://metadata.google.internal./computeMetadata/v1/instance/attributes/google-dockercfg-url
[36mINFO[0m[0001] Retrieving image manifest openjdk:8-jdk-slim 
[36mINFO[0m[0001] Built cross stage deps: map[]                
[36mINFO[0m[0001] Retrieving image manifest openjdk:8-jdk-slim 
[36mINFO[0m[0002] Retrieving image manifest openjdk:8-jdk-slim 
[36mINFO[0m[0002] cmd: EXPOSE                                  
[36mINFO[0m[0002] Adding exposed port: 8080/tcp                
[36mINFO[0m[0002] Resolving srcs [pom.xml target/lib*]...      
end of resolve sources
[36mINFO[0m[0002] Checking for cached layer gcr.io/pure-fold-276815/cache:6724cfe3b0747f3dd6e3d8cb6875d09353d10baaf4a36ac908462a633247ebff... 
[36mINFO[0m[0002] No cached layer found for cmd COPY pom.xml target/lib* /opt/lib/ 
[36mINFO[0m[0002] Resolving srcs [target/*.jar]...             
end of resolve sources
[36mINFO[0m[0002] Unpacking rootfs as cmd COPY pom.xml target/lib* /opt/lib/ requires it. 
[36mINFO[0m[0012] Taking snapshot of full filesystem...        
[36mINFO[0m[0014] Resolving paths                              
[36mINFO[0m[0015] ENV PORT 8080                                
[36mINFO[0m[0015] No files changed in this command, skipping snapshotting. 
[36mINFO[0m[0015] ENV CLASSPATH /opt/lib                       
[36mINFO[0m[0015] No files changed in this command, skipping snapshotting. 
[36mINFO[0m[0015] EXPOSE 8080                                  
[36mINFO[0m[0015] cmd: EXPOSE                                  
[36mINFO[0m[0015] Adding exposed port: 8080/tcp                
[36mINFO[0m[0015] No files changed in this command, skipping snapshotting. 
[36mINFO[0m[0015] Resolving srcs [pom.xml target/lib*]...      
end of resolve sources
[36mINFO[0m[0015] COPY pom.xml target/lib* /opt/lib/           
[36mINFO[0m[0015] Resolving srcs [pom.xml target/lib*]...      
end of resolve sources
[36mINFO[0m[0015] Resolving paths                              
[36mINFO[0m[0015] Taking snapshot of files...                  
[36mINFO[0m[0015] Resolving srcs [target/*.jar]...             
[36mINFO[0m[0015] Pushing layer gcr.io/pure-fold-276815/cache:6724cfe3b0747f3dd6e3d8cb6875d09353d10baaf4a36ac908462a633247ebff to cache now 
end of resolve sources
[36mINFO[0m[0015] COPY target/*.jar /opt/app.jar               
[36mINFO[0m[0015] Resolving srcs [target/*.jar]...             
end of resolve sources
[36mINFO[0m[0015] Resolving paths                              
[36mINFO[0m[0015] Taking snapshot of files...                  
[36mINFO[0m[0017] Pushing layer gcr.io/pure-fold-276815/cache:e3bfe7aeac069d681332a1d7a2c44877491654c1254b39e2356ebec096df297b to cache now 
[36mINFO[0m[0017] WORKDIR /opt                                 
[36mINFO[0m[0017] cmd: workdir                                 
[36mINFO[0m[0017] Changed working directory to /opt            
[36mINFO[0m[0017] No files changed in this command, skipping snapshotting. 
[36mINFO[0m[0017] CMD ["java", "-XX:+UnlockExperimentalVMOptions", "-XX:+UseCGroupMemoryLimitForHeap", "-jar", "app.jar"] 
[36mINFO[0m[0017] No files changed in this command, skipping snapshotting. 

Showing logs for build [32mflmendes-spring-boot-todo-app-m-c5b54-6[0m stage [32mfrom-build-pack[0m and container [32mstep-build-post-build[0m
no CVE provider running in the current ** namespace so skip adding image to be analysed

Showing logs for build [32mflmendes-spring-boot-todo-app-m-c5b54-6[0m stage [32mfrom-build-pack[0m and container [32mstep-promote-changelog[0m
Converted /workspace/source/charts/spring-boot-todo-app to an unshallow repository
Generating change log from git ref 62622446811fae8b63b7d2042b37f29897ffbcdd => 599ced12da561b089331441b9595d6209251cd7f
WARNING: No release found for ********/spring-boot-todo-app and tag v1.0.5 so creating a new release
Updated the release information at https://github.com/********/spring-boot-todo-app/releases/tag/v1.0.5
generated: /workspace/source/charts/spring-boot-todo-app/templates/release.yaml
Created Release spring-boot-todo-app-1-0-5 resource in namespace **
Updating PipelineActivity ********-spring-boot-todo-app-master-6 with version 1.0.5
Updated PipelineActivities ********-spring-boot-todo-app-master-6 with release notes URL: https://github.com/********/spring-boot-todo-app/releases/tag/v1.0.5

Showing logs for build [32mflmendes-spring-boot-todo-app-m-c5b54-6[0m stage [32mfrom-build-pack[0m and container [32mstep-promote-helm-release[0m
WARNING: No $CHART_REPOSITORY defined so using the default value of: http://jenkins-x-chartmuseum:8080
Adding missing Helm repo: storage.googleapis.com https://storage.googleapis.com/chartmuseum.jenkins-x.io
Successfully added Helm repository storage.googleapis.com.
Adding missing Helm repo: jenkins-x-chartmuseum http://jenkins-x-chartmuseum:8080
Successfully added Helm repository jenkins-x-chartmuseum.
WARNING: No $CHART_REPOSITORY defined so using the default value of: http://jenkins-x-chartmuseum:8080
Uploading chart file spring-boot-todo-app-1.0.5.tgz to http://jenkins-x-chartmuseum:8080/api/charts
Received 201 response: {"saved":true}

Showing logs for build [32mflmendes-spring-boot-todo-app-m-c5b54-6[0m stage [32mfrom-build-pack[0m and container [32mstep-promote-jx-promote[0m
WARNING: prow based install so skip waiting for the merge of Pull Requests to go green as currently there is an issue with gettingstatuses from the PR, see https://github.com/jenkins-x/**/issues/2410
WARNING: No $CHART_REPOSITORY defined so using the default value of: http://jenkins-x-chartmuseum:8080
Promoting app spring-boot-todo-app version 1.0.5 to namespace **-staging
WARNING: 
Created Pull Request: https://github.com/********/environment-tf-**-capital-lobster-staging/pull/2
Added label updatebot to Pull Request https://github.com/********/environment-tf-**-capital-lobster-staging/pull/2
WARNING: Failed to query the Pull Request last commit status for https://github.com/********/environment-tf-**-capital-lobster-staging/pull/2 ref e63c38eb946be0070c803edb59646569b3f3bf61 Could not find a status for repository ********/environment-tf-**-capital-lobster-staging with ref e63c38eb946be0070c803edb59646569b3f3bf61
got git provider status pending from PR https://github.com/********/environment-tf-**-capital-lobster-staging/pull/2
got git provider status pending from PR https://github.com/********/environment-tf-**-capital-lobster-staging/pull/2
Rebasing PullRequest due to conflict
WARNING: 
got git provider status pending from PR https://github.com/********/environment-tf-**-capital-lobster-staging/pull/2
Rebasing PullRequest due to conflict
WARNING: 
got git provider status pending from PR https://github.com/********/environment-tf-**-capital-lobster-staging/pull/2
Rebasing PullRequest due to conflict
WARNING: 
got git provider status pending from PR https://github.com/********/environment-tf-**-capital-lobster-staging/pull/2
Rebasing PullRequest due to conflict
WARNING: 
got git provider status pending from PR https://github.com/********/environment-tf-**-capital-lobster-staging/pull/2
Rebasing PullRequest due to conflict
WARNING: 
WARNING: Failed to merge the Pull Request https://github.com/********/environment-tf-**-capital-lobster-staging/pull/2 due to PUT https://api.github.com/repos/********/environment-tf-**-capital-lobster-staging/pulls/2/merge: 405 Pull Request is not mergeable [] maybe I don't have karma?
Rebasing PullRequest due to conflict
WARNING: 
Rebasing PullRequest due to conflict
WARNING: 
got git provider status pending from PR https://github.com/********/environment-tf-**-capital-lobster-staging/pull/2
Rebasing PullRequest due to conflict
WARNING: 
got git provider status pending from PR https://github.com/********/environment-tf-**-capital-lobster-staging/pull/2
Rebasing PullRequest due to conflict
WARNING: 
got git provider status pending from PR https://github.com/********/environment-tf-**-capital-lobster-staging/pull/2
Rebasing PullRequest due to conflict
WARNING: 
got git provider status pending from PR https://github.com/********/environment-tf-**-capital-lobster-staging/pull/2
Rebasing PullRequest due to conflict
WARNING: 
got git provider status pending from PR https://github.com/********/environment-tf-**-capital-lobster-staging/pull/2
Rebasing PullRequest due to conflict
WARNING: 
got git provider status pending from PR https://github.com/********/environment-tf-**-capital-lobster-staging/pull/2
Rebasing PullRequest due to conflict
WARNING: 
got git provider status pending from PR https://github.com/********/environment-tf-**-capital-lobster-staging/pull/2
Rebasing PullRequest due to conflict
WARNING: 
got git provider status pending from PR https://github.com/********/environment-tf-**-capital-lobster-staging/pull/2
Rebasing PullRequest due to conflict
WARNING: 
got git provider status pending from PR https://github.com/********/environment-tf-**-capital-lobster-staging/pull/2
Rebasing PullRequest due to conflict
WARNING: 
got git provider status pending from PR https://github.com/********/environment-tf-**-capital-lobster-staging/pull/2
Rebasing PullRequest due to conflict
WARNING: 
got git provider status pending from PR https://github.com/********/environment-tf-**-capital-lobster-staging/pull/2
Rebasing PullRequest due to conflict
WARNING: 
got git provider status pending from PR https://github.com/********/environment-tf-**-capital-lobster-staging/pull/2
Rebasing PullRequest due to conflict
WARNING: 
got git provider status pending from PR https://github.com/********/environment-tf-**-capital-lobster-staging/pull/2
Rebasing PullRequest due to conflict
WARNING: 
got git provider status pending from PR https://github.com/********/environment-tf-**-capital-lobster-staging/pull/2
Rebasing PullRequest due to conflict
WARNING: 
got git provider status pending from PR https://github.com/********/environment-tf-**-capital-lobster-staging/pull/2
Rebasing PullRequest due to conflict
WARNING: 
got git provider status pending from PR https://github.com/********/environment-tf-**-capital-lobster-staging/pull/2
Rebasing PullRequest due to conflict
WARNING: 
got git provider status pending from PR https://github.com/********/environment-tf-**-capital-lobster-staging/pull/2
Rebasing PullRequest due to conflict
WARNING: 
got git provider status pending from PR https://github.com/********/environment-tf-**-capital-lobster-staging/pull/2
Rebasing PullRequest due to conflict
WARNING: 
got git provider status pending from PR https://github.com/********/environment-tf-**-capital-lobster-staging/pull/2
Rebasing PullRequest due to conflict
WARNING: 
got git provider status pending from PR https://github.com/********/environment-tf-**-capital-lobster-staging/pull/2
Rebasing PullRequest due to conflict
WARNING: 
got git provider status pending from PR https://github.com/********/environment-tf-**-capital-lobster-staging/pull/2
Rebasing PullRequest due to conflict
WARNING: 
got git provider status pending from PR https://github.com/********/environment-tf-**-capital-lobster-staging/pull/2
Rebasing PullRequest due to conflict
WARNING: 
got git provider status pending from PR https://github.com/********/environment-tf-**-capital-lobster-staging/pull/2
Rebasing PullRequest due to conflict
WARNING: 
got git provider status pending from PR https://github.com/********/environment-tf-**-capital-lobster-staging/pull/2
Rebasing PullRequest due to conflict
WARNING: 
got git provider status pending from PR https://github.com/********/environment-tf-**-capital-lobster-staging/pull/2
Rebasing PullRequest due to conflict
WARNING: 
got git provider status pending from PR https://github.com/********/environment-tf-**-capital-lobster-staging/pull/2
Rebasing PullRequest due to conflict
WARNING: 
got git provider status pending from PR https://github.com/********/environment-tf-**-capital-lobster-staging/pull/2
Rebasing PullRequest due to conflict
WARNING: 
got git provider status pending from PR https://github.com/********/environment-tf-**-capital-lobster-staging/pull/2
Rebasing PullRequest due to conflict
WARNING: 
got git provider status pending from PR https://github.com/********/environment-tf-**-capital-lobster-staging/pull/2
Rebasing PullRequest due to conflict
WARNING: 
got git provider status pending from PR https://github.com/********/environment-tf-**-capital-lobster-staging/pull/2
Rebasing PullRequest due to conflict
WARNING: 
got git provider status pending from PR https://github.com/********/environment-tf-**-capital-lobster-staging/pull/2
Rebasing PullRequest due to conflict
WARNING: 
got git provider status pending from PR https://github.com/********/environment-tf-**-capital-lobster-staging/pull/2
Rebasing PullRequest due to conflict
WARNING: 
got git provider status pending from PR https://github.com/********/environment-tf-**-capital-lobster-staging/pull/2
Rebasing PullRequest due to conflict
WARNING: 
got git provider status pending from PR https://github.com/********/environment-tf-**-capital-lobster-staging/pull/2
Rebasing PullRequest due to conflict
WARNING: 
got git provider status pending from PR https://github.com/********/environment-tf-**-capital-lobster-staging/pull/2
Rebasing PullRequest due to conflict
WARNING: 
got git provider status pending from PR https://github.com/********/environment-tf-**-capital-lobster-staging/pull/2
Rebasing PullRequest due to conflict
WARNING: 
got git provider status pending from PR https://github.com/********/environment-tf-**-capital-lobster-staging/pull/2
Rebasing PullRequest due to conflict
WARNING: 
got git provider status pending from PR https://github.com/********/environment-tf-**-capital-lobster-staging/pull/2
Rebasing PullRequest due to conflict
WARNING: 
got git provider status pending from PR https://github.com/********/environment-tf-**-capital-lobster-staging/pull/2
Rebasing PullRequest due to conflict
WARNING: 
got git provider status pending from PR https://github.com/********/environment-tf-**-capital-lobster-staging/pull/2
Rebasing PullRequest due to conflict
WARNING: 
got git provider status pending from PR https://github.com/********/environment-tf-**-capital-lobster-staging/pull/2
Rebasing PullRequest due to conflict
WARNING: 
got git provider status pending from PR https://github.com/********/environment-tf-**-capital-lobster-staging/pull/2
Rebasing PullRequest due to conflict
WARNING: 
got git provider status pending from PR https://github.com/********/environment-tf-**-capital-lobster-staging/pull/2
Rebasing PullRequest due to conflict
WARNING: 
got git provider status pending from PR https://github.com/********/environment-tf-**-capital-lobster-staging/pull/2
Rebasing PullRequest due to conflict
WARNING: 
got git provider status pending from PR https://github.com/********/environment-tf-**-capital-lobster-staging/pull/2
Rebasing PullRequest due to conflict
WARNING: 
got git provider status pending from PR https://github.com/********/environment-tf-**-capital-lobster-staging/pull/2
Rebasing PullRequest due to conflict
WARNING: 
got git provider status pending from PR https://github.com/********/environment-tf-**-capital-lobster-staging/pull/2
Rebasing PullRequest due to conflict
WARNING: 
got git provider status pending from PR https://github.com/********/environment-tf-**-capital-lobster-staging/pull/2
Rebasing PullRequest due to conflict
WARNING: 
got git provider status pending from PR https://github.com/********/environment-tf-**-capital-lobster-staging/pull/2
Rebasing PullRequest due to conflict
WARNING: 
got git provider status pending from PR https://github.com/********/environment-tf-**-capital-lobster-staging/pull/2
Rebasing PullRequest due to conflict
WARNING: 
got git provider status pending from PR https://github.com/********/environment-tf-**-capital-lobster-staging/pull/2
Rebasing PullRequest due to conflict
WARNING: 
got git provider status pending from PR https://github.com/********/environment-tf-**-capital-lobster-staging/pull/2
Rebasing PullRequest due to conflict
WARNING: 
got git provider status pending from PR https://github.com/********/environment-tf-**-capital-lobster-staging/pull/2
Rebasing PullRequest due to conflict
WARNING: 
got git provider status pending from PR https://github.com/********/environment-tf-**-capital-lobster-staging/pull/2
Rebasing PullRequest due to conflict
WARNING: 
got git provider status pending from PR https://github.com/********/environment-tf-**-capital-lobster-staging/pull/2
Rebasing PullRequest due to conflict
WARNING: 
got git provider status pending from PR https://github.com/********/environment-tf-**-capital-lobster-staging/pull/2
Rebasing PullRequest due to conflict
WARNING: 
got git provider status pending from PR https://github.com/********/environment-tf-**-capital-lobster-staging/pull/2
Rebasing PullRequest due to conflict
WARNING: 
got git provider status pending from PR https://github.com/********/environment-tf-**-capital-lobster-staging/pull/2
Rebasing PullRequest due to conflict
WARNING: 
got git provider status pending from PR https://github.com/********/environment-tf-**-capital-lobster-staging/pull/2
Rebasing PullRequest due to conflict
WARNING: 
got git provider status pending from PR https://github.com/********/environment-tf-**-capital-lobster-staging/pull/2
Rebasing PullRequest due to conflict
WARNING: 
got git provider status pending from PR https://github.com/********/environment-tf-**-capital-lobster-staging/pull/2
Rebasing PullRequest due to conflict
WARNING: 
got git provider status pending from PR https://github.com/********/environment-tf-**-capital-lobster-staging/pull/2
Rebasing PullRequest due to conflict
WARNING: 
got git provider status pending from PR https://github.com/********/environment-tf-**-capital-lobster-staging/pull/2
Rebasing PullRequest due to conflict
WARNING: 
got git provider status pending from PR https://github.com/********/environment-tf-**-capital-lobster-staging/pull/2
Rebasing PullRequest due to conflict
WARNING: 
got git provider status pending from PR https://github.com/********/environment-tf-**-capital-lobster-staging/pull/2
Rebasing PullRequest due to conflict
WARNING: 
got git provider status pending from PR https://github.com/********/environment-tf-**-capital-lobster-staging/pull/2
Rebasing PullRequest due to conflict
WARNING: 
got git provider status pending from PR https://github.com/********/environment-tf-**-capital-lobster-staging/pull/2
Rebasing PullRequest due to conflict
WARNING: 
got git provider status pending from PR https://github.com/********/environment-tf-**-capital-lobster-staging/pull/2
Rebasing PullRequest due to conflict
WARNING: 
got git provider status pending from PR https://github.com/********/environment-tf-**-capital-lobster-staging/pull/2
Rebasing PullRequest due to conflict
WARNING: 
got git provider status pending from PR https://github.com/********/environment-tf-**-capital-lobster-staging/pull/2
Rebasing PullRequest due to conflict
WARNING: 
got git provider status pending from PR https://github.com/********/environment-tf-**-capital-lobster-staging/pull/2
Rebasing PullRequest due to conflict
WARNING: 
got git provider status pending from PR https://github.com/********/environment-tf-**-capital-lobster-staging/pull/2
Rebasing PullRequest due to conflict
WARNING: 
got git provider status pending from PR https://github.com/********/environment-tf-**-capital-lobster-staging/pull/2
Rebasing PullRequest due to conflict
WARNING: 
got git provider status pending from PR https://github.com/********/environment-tf-**-capital-lobster-staging/pull/2
Rebasing PullRequest due to conflict
WARNING: 
got git provider status pending from PR https://github.com/********/environment-tf-**-capital-lobster-staging/pull/2
Rebasing PullRequest due to conflict
WARNING: 
got git provider status pending from PR https://github.com/********/environment-tf-**-capital-lobster-staging/pull/2
Rebasing PullRequest due to conflict
WARNING: 
got git provider status pending from PR https://github.com/********/environment-tf-**-capital-lobster-staging/pull/2
Rebasing PullRequest due to conflict
WARNING: 
got git provider status pending from PR https://github.com/********/environment-tf-**-capital-lobster-staging/pull/2
Rebasing PullRequest due to conflict
WARNING: 
got git provider status pending from PR https://github.com/********/environment-tf-**-capital-lobster-staging/pull/2
Rebasing PullRequest due to conflict
WARNING: 
got git provider status pending from PR https://github.com/********/environment-tf-**-capital-lobster-staging/pull/2
Rebasing PullRequest due to conflict
WARNING: 
got git provider status pending from PR https://github.com/********/environment-tf-**-capital-lobster-staging/pull/2
Rebasing PullRequest due to conflict
WARNING: 
got git provider status pending from PR https://github.com/********/environment-tf-**-capital-lobster-staging/pull/2
Rebasing PullRequest due to conflict
WARNING: 
got git provider status pending from PR https://github.com/********/environment-tf-**-capital-lobster-staging/pull/2
Rebasing PullRequest due to conflict
WARNING: 
got git provider status pending from PR https://github.com/********/environment-tf-**-capital-lobster-staging/pull/2
Rebasing PullRequest due to conflict
WARNING: 
got git provider status pending from PR https://github.com/********/environment-tf-**-capital-lobster-staging/pull/2
Rebasing PullRequest due to conflict
WARNING: 
got git provider status pending from PR https://github.com/********/environment-tf-**-capital-lobster-staging/pull/2
Rebasing PullRequest due to conflict
WARNING: 
got git provider status pending from PR https://github.com/********/environment-tf-**-capital-lobster-staging/pull/2
Rebasing PullRequest due to conflict
WARNING: 
got git provider status pending from PR https://github.com/********/environment-tf-**-capital-lobster-staging/pull/2
Rebasing PullRequest due to conflict
WARNING: 
got git provider status pending from PR https://github.com/********/environment-tf-**-capital-lobster-staging/pull/2
Rebasing PullRequest due to conflict
WARNING: 
got git provider status pending from PR https://github.com/********/environment-tf-**-capital-lobster-staging/pull/2
Rebasing PullRequest due to conflict
WARNING: 
got git provider status pending from PR https://github.com/********/environment-tf-**-capital-lobster-staging/pull/2
Rebasing PullRequest due to conflict
WARNING: 
got git provider status pending from PR https://github.com/********/environment-tf-**-capital-lobster-staging/pull/2
Rebasing PullRequest due to conflict
WARNING: 
got git provider status pending from PR https://github.com/********/environment-tf-**-capital-lobster-staging/pull/2
Rebasing PullRequest due to conflict
WARNING: 
got git provider status pending from PR https://github.com/********/environment-tf-**-capital-lobster-staging/pull/2
Rebasing PullRequest due to conflict
WARNING: 
got git provider status pending from PR https://github.com/********/environment-tf-**-capital-lobster-staging/pull/2
Rebasing PullRequest due to conflict
WARNING: 
got git provider status pending from PR https://github.com/********/environment-tf-**-capital-lobster-staging/pull/2
Rebasing PullRequest due to conflict
WARNING: 
got git provider status pending from PR https://github.com/********/environment-tf-**-capital-lobster-staging/pull/2
Rebasing PullRequest due to conflict
WARNING: 
got git provider status pending from PR https://github.com/********/environment-tf-**-capital-lobster-staging/pull/2
Rebasing PullRequest due to conflict
WARNING: 
got git provider status pending from PR https://github.com/********/environment-tf-**-capital-lobster-staging/pull/2
Rebasing PullRequest due to conflict
WARNING: 
got git provider status pending from PR https://github.com/********/environment-tf-**-capital-lobster-staging/pull/2
Rebasing PullRequest due to conflict
WARNING: 
got git provider status pending from PR https://github.com/********/environment-tf-**-capital-lobster-staging/pull/2
Rebasing PullRequest due to conflict
WARNING: 
got git provider status pending from PR https://github.com/********/environment-tf-**-capital-lobster-staging/pull/2
Rebasing PullRequest due to conflict
WARNING: 
got git provider status pending from PR https://github.com/********/environment-tf-**-capital-lobster-staging/pull/2
Rebasing PullRequest due to conflict
WARNING: 
got git provider status pending from PR https://github.com/********/environment-tf-**-capital-lobster-staging/pull/2
Rebasing PullRequest due to conflict
WARNING: 
got git provider status pending from PR https://github.com/********/environment-tf-**-capital-lobster-staging/pull/2
Rebasing PullRequest due to conflict
WARNING: 
got git provider status pending from PR https://github.com/********/environment-tf-**-capital-lobster-staging/pull/2
Rebasing PullRequest due to conflict
WARNING: 
got git provider status pending from PR https://github.com/********/environment-tf-**-capital-lobster-staging/pull/2
Rebasing PullRequest due to conflict
WARNING: 
got git provider status pending from PR https://github.com/********/environment-tf-**-capital-lobster-staging/pull/2
Rebasing PullRequest due to conflict
WARNING: 
got git provider status pending from PR https://github.com/********/environment-tf-**-capital-lobster-staging/pull/2
Rebasing PullRequest due to conflict
WARNING: 
got git provider status pending from PR https://github.com/********/environment-tf-**-capital-lobster-staging/pull/2
Rebasing PullRequest due to conflict
WARNING: 
got git provider status pending from PR https://github.com/********/environment-tf-**-capital-lobster-staging/pull/2
Rebasing PullRequest due to conflict
WARNING: 
got git provider status pending from PR https://github.com/********/environment-tf-**-capital-lobster-staging/pull/2
Rebasing PullRequest due to conflict
WARNING: 
got git provider status pending from PR https://github.com/********/environment-tf-**-capital-lobster-staging/pull/2
Rebasing PullRequest due to conflict
WARNING: 
got git provider status pending from PR https://github.com/********/environment-tf-**-capital-lobster-staging/pull/2
Rebasing PullRequest due to conflict
WARNING: 
got git provider status pending from PR https://github.com/********/environment-tf-**-capital-lobster-staging/pull/2
Rebasing PullRequest due to conflict
WARNING: 
got git provider status pending from PR https://github.com/********/environment-tf-**-capital-lobster-staging/pull/2
Rebasing PullRequest due to conflict
WARNING: 
got git provider status pending from PR https://github.com/********/environment-tf-**-capital-lobster-staging/pull/2
Rebasing PullRequest due to conflict
WARNING: 
got git provider status pending from PR https://github.com/********/environment-tf-**-capital-lobster-staging/pull/2
Rebasing PullRequest due to conflict
WARNING: 
got git provider status pending from PR https://github.com/********/environment-tf-**-capital-lobster-staging/pull/2
Rebasing PullRequest due to conflict
WARNING: 
got git provider status pending from PR https://github.com/********/environment-tf-**-capital-lobster-staging/pull/2
Rebasing PullRequest due to conflict
WARNING: 
got git provider status pending from PR https://github.com/********/environment-tf-**-capital-lobster-staging/pull/2
Rebasing PullRequest due to conflict
WARNING: 
got git provider status pending from PR https://github.com/********/environment-tf-**-capital-lobster-staging/pull/2
Rebasing PullRequest due to conflict
WARNING: 
got git provider status pending from PR https://github.com/********/environment-tf-**-capital-lobster-staging/pull/2
Rebasing PullRequest due to conflict
WARNING: 
got git provider status pending from PR https://github.com/********/environment-tf-**-capital-lobster-staging/pull/2
Rebasing PullRequest due to conflict
WARNING: 
got git provider status pending from PR https://github.com/********/environment-tf-**-capital-lobster-staging/pull/2
Rebasing PullRequest due to conflict
WARNING: 
got git provider status pending from PR https://github.com/********/environment-tf-**-capital-lobster-staging/pull/2
Rebasing PullRequest due to conflict
WARNING: 
got git provider status pending from PR https://github.com/********/environment-tf-**-capital-lobster-staging/pull/2
Rebasing PullRequest due to conflict
WARNING: 
got git provider status pending from PR https://github.com/********/environment-tf-**-capital-lobster-staging/pull/2
Rebasing PullRequest due to conflict
WARNING: 
got git provider status pending from PR https://github.com/********/environment-tf-**-capital-lobster-staging/pull/2
Rebasing PullRequest due to conflict
WARNING: 
got git provider status pending from PR https://github.com/********/environment-tf-**-capital-lobster-staging/pull/2
Rebasing PullRequest due to conflict
WARNING: 
got git provider status pending from PR https://github.com/********/environment-tf-**-capital-lobster-staging/pull/2
Rebasing PullRequest due to conflict
WARNING: 
got git provider status pending from PR https://github.com/********/environment-tf-**-capital-lobster-staging/pull/2
Rebasing PullRequest due to conflict
WARNING: 
got git provider status pending from PR https://github.com/********/environment-tf-**-capital-lobster-staging/pull/2
Rebasing PullRequest due to conflict
WARNING: 
got git provider status pending from PR https://github.com/********/environment-tf-**-capital-lobster-staging/pull/2
Rebasing PullRequest due to conflict
WARNING: 
got git provider status pending from PR https://github.com/********/environment-tf-**-capital-lobster-staging/pull/2
Rebasing PullRequest due to conflict
WARNING: 
got git provider status pending from PR https://github.com/********/environment-tf-**-capital-lobster-staging/pull/2
Rebasing PullRequest due to conflict
WARNING: 
got git provider status pending from PR https://github.com/********/environment-tf-**-capital-lobster-staging/pull/2
Rebasing PullRequest due to conflict
WARNING: 
got git provider status pending from PR https://github.com/********/environment-tf-**-capital-lobster-staging/pull/2
Rebasing PullRequest due to conflict
WARNING: 
got git provider status pending from PR https://github.com/********/environment-tf-**-capital-lobster-staging/pull/2
Rebasing PullRequest due to conflict
WARNING: 
got git provider status pending from PR https://github.com/********/environment-tf-**-capital-lobster-staging/pull/2
Rebasing PullRequest due to conflict
WARNING: 
got git provider status pending from PR https://github.com/********/environment-tf-**-capital-lobster-staging/pull/2
Rebasing PullRequest due to conflict
WARNING: 
got git provider status pending from PR https://github.com/********/environment-tf-**-capital-lobster-staging/pull/2
Rebasing PullRequest due to conflict
WARNING: 
got git provider status pending from PR https://github.com/********/environment-tf-**-capital-lobster-staging/pull/2
Rebasing PullRequest due to conflict
WARNING: 
got git provider status pending from PR https://github.com/********/environment-tf-**-capital-lobster-staging/pull/2
Rebasing PullRequest due to conflict
WARNING: 
got git provider status pending from PR https://github.com/********/environment-tf-**-capital-lobster-staging/pull/2
Rebasing PullRequest due to conflict
WARNING: 
got git provider status pending from PR https://github.com/********/environment-tf-**-capital-lobster-staging/pull/2
Rebasing PullRequest due to conflict
WARNING: 
got git provider status pending from PR https://github.com/********/environment-tf-**-capital-lobster-staging/pull/2
Rebasing PullRequest due to conflict
WARNING: 
got git provider status pending from PR https://github.com/********/environment-tf-**-capital-lobster-staging/pull/2
Rebasing PullRequest due to conflict
WARNING: 
got git provider status pending from PR https://github.com/********/environment-tf-**-capital-lobster-staging/pull/2
Rebasing PullRequest due to conflict
WARNING: 
got git provider status pending from PR https://github.com/********/environment-tf-**-capital-lobster-staging/pull/2
Rebasing PullRequest due to conflict
WARNING: 
got git provider status pending from PR https://github.com/********/environment-tf-**-capital-lobster-staging/pull/2
Rebasing PullRequest due to conflict
WARNING: 
got git provider status pending from PR https://github.com/********/environment-tf-**-capital-lobster-staging/pull/2
Rebasing PullRequest due to conflict
WARNING: 
got git provider status pending from PR https://github.com/********/environment-tf-**-capital-lobster-staging/pull/2
Rebasing PullRequest due to conflict
WARNING: 
got git provider status pending from PR https://github.com/********/environment-tf-**-capital-lobster-staging/pull/2
Rebasing PullRequest due to conflict
WARNING: 
error: Timed out waiting for pull request https://github.com/********/environment-tf-**-capital-lobster-staging/pull/2 to merge. Waited 1h0m0s
[31m
Pipeline failed on stage 'from-build-pack' : container 'step-promote-jx-promote'. The execution of the pipeline has stopped.[0m
